<?xml version="1.0" encoding="UTF-8"?>
<!-- Generated by org.testng.reporters.JUnitReportReporter -->
<testsuite hostname="DESKTOP-N46G1GJ" failures="0" tests="1" name="com.crm.pom.contact.CreateContact" time="13.786" errors="0" timestamp="2024-12-18T15:21:34 IST" skipped="0">
  <testcase classname="com.crm.pom.contact.CreateContact" name="createCon" time="13.786"/>
</testsuite> <!-- com.crm.pom.contact.CreateContact -->
