<?xml version="1.0" encoding="UTF-8"?>
<!-- Generated by org.testng.reporters.JUnitReportReporter -->
<testsuite hostname="DESKTOP-N46G1GJ" failures="0" tests="1" name="com.crm.pom.contact.CreateContactWithOrganization" time="14.843" errors="0" timestamp="2024-12-18T15:27:24 IST" skipped="0">
  <testcase classname="com.crm.pom.contact.CreateContactWithOrganization" name="createCon" time="14.843"/>
</testsuite> <!-- com.crm.pom.contact.CreateContactWithOrganization -->
