<?xml version="1.0" encoding="UTF-8"?>
<!-- Generated by org.testng.reporters.JUnitReportReporter -->
<testsuite hostname="DESKTOP-N46G1GJ" failures="0" tests="1" name="com.crm.pom.organization.CreateOrganizationWithIndustryType" time="70.121" errors="0" timestamp="2024-12-18T12:46:36 IST" skipped="0">
  <testcase classname="com.crm.pom.organization.CreateOrganizationWithIndustryType" name="createOrg" time="70.121"/>
</testsuite> <!-- com.crm.pom.organization.CreateOrganizationWithIndustryType -->
