<?xml version="1.0" encoding="UTF-8"?>
<!-- Generated by org.testng.reporters.JUnitReportReporter -->
<testsuite hostname="DESKTOP-N46G1GJ" failures="0" tests="1" name="com.crm.organization.CreateOrganization1" time="22.048" errors="0" timestamp="2024-12-17T18:11:09 IST" skipped="0">
  <testcase classname="com.crm.organization.CreateOrganization1" name="createOrg" time="22.048"/>
</testsuite> <!-- com.crm.organization.CreateOrganization1 -->
