<?xml version="1.0" encoding="UTF-8"?>
<!-- Generated by org.testng.reporters.JUnitReportReporter -->
<testsuite hostname="DESKTOP-N46G1GJ" failures="0" tests="2" name="com.crm.base.contact.ContactTest" time="28.431" errors="0" timestamp="2025-01-04T10:51:39 IST" skipped="0">
  <testcase classname="com.crm.base.contact.ContactTest" name="createConWithOrgAndDate" time="13.396"/>
  <testcase classname="com.crm.base.contact.ContactTest" name="createConWithOrg" time="15.035"/>
  <system-out>
    <![CDATA[Home Page got displayed
Organization Page got displayed]]>
  </system-out>
</testsuite> <!-- com.crm.base.contact.ContactTest -->
