<?xml version="1.0" encoding="UTF-8"?>
<!-- Generated by org.testng.reporters.JUnitReportReporter -->
<testsuite hostname="DESKTOP-N46G1GJ" failures="0" tests="1" name="com.crm.base.contact.CreateContact" time="10.952" errors="0" timestamp="2024-12-21T15:16:30 IST" skipped="0">
  <testcase classname="com.crm.base.contact.CreateContact" name="createCon" time="10.952"/>
</testsuite> <!-- com.crm.base.contact.CreateContact -->
