<?xml version="1.0" encoding="UTF-8"?>
<!-- Generated by org.testng.reporters.JUnitReportReporter -->
<testsuite hostname="DESKTOP-N46G1GJ" failures="0" tests="2" name="com.crm.base.organization.OrganizationTest" time="21.072" errors="0" timestamp="2025-01-04T10:51:39 IST" skipped="0">
  <testcase classname="com.crm.base.organization.OrganizationTest" name="createOrgWithPhoneNumber" time="10.130"/>
  <testcase classname="com.crm.base.organization.OrganizationTest" name="createOrgWithIndustry" time="10.942">
    <system-out>
      <![CDATA[Home Page got displayed
Organization Page got displayed]]>
    </system-out>
  </testcase> <!-- createOrgWithIndustry -->
  <system-out>
    <![CDATA[Home Page got displayed
Organization Page got displayed]]>
  </system-out>
</testsuite> <!-- com.crm.base.organization.OrganizationTest -->
