<?xml version="1.0" encoding="UTF-8"?>
<!-- Generated by org.testng.reporters.JUnitReportReporter -->
<testsuite hostname="DESKTOP-N46G1GJ" failures="0" tests="3" name="com.crm.pom.contact.CreateContact_DataProvider" time="45.246" errors="0" timestamp="2024-12-20T12:46:48 IST" skipped="0">
  <testcase classname="com.crm.pom.contact.CreateContact_DataProvider" name="createCon" time="9.899"/>
  <testcase classname="com.crm.pom.contact.CreateContact_DataProvider" name="createCon" time="24.734"/>
  <testcase classname="com.crm.pom.contact.CreateContact_DataProvider" name="createCon" time="10.613"/>
</testsuite> <!-- com.crm.pom.contact.CreateContact_DataProvider -->
