<?xml version="1.0" encoding="UTF-8"?>
<!-- Generated by org.testng.reporters.JUnitReportReporter -->
<testsuite hostname="DESKTOP-N46G1GJ" failures="0" tests="3" name="com.crm.base.organization.OrganizationTest" time="28.178" errors="0" timestamp="2024-12-27T17:50:41 IST" skipped="0">
  <testcase classname="com.crm.base.organization.OrganizationTest" name="createOrg" time="9.558"/>
  <testcase classname="com.crm.base.organization.OrganizationTest" name="createOrgWithIndustry" time="9.465">
    <system-out>
      <![CDATA[Home Page got displayed
Organization Page got displayed]]>
    </system-out>
  </testcase> <!-- createOrgWithIndustry -->
  <testcase classname="com.crm.base.organization.OrganizationTest" name="createOrgWithPhoneNumber" time="9.155"/>
  <system-out>
    <![CDATA[Home Page got displayed
Organization Page got displayed]]>
  </system-out>
</testsuite> <!-- com.crm.base.organization.OrganizationTest -->
