<?xml version="1.0" encoding="UTF-8"?>
<!-- Generated by org.testng.reporters.JUnitReportReporter -->
<testsuite hostname="DESKTOP-N46G1GJ" failures="0" tests="1" name="com.crm.base.organization.CreateOrganizationWithIndustryType" time="20.857" errors="0" timestamp="2024-12-23T10:43:53 IST" skipped="0">
  <testcase classname="com.crm.base.organization.CreateOrganizationWithIndustryType" name="createOrg" time="20.857"/>
</testsuite> <!-- com.crm.base.organization.CreateOrganizationWithIndustryType -->
