<?xml version="1.0" encoding="UTF-8"?>
<!-- Generated by org.testng.reporters.JUnitReportReporter -->
<testsuite hostname="DESKTOP-N46G1GJ" failures="0" tests="1" name="com.crm.pom.contact.CreateContactWithOrganizationandDate" time="14.141" errors="0" timestamp="2024-12-18T15:32:28 IST" skipped="0">
  <testcase classname="com.crm.pom.contact.CreateContactWithOrganizationandDate" name="createCon" time="14.141"/>
</testsuite> <!-- com.crm.pom.contact.CreateContactWithOrganizationandDate -->
