<?xml version="1.0" encoding="UTF-8"?>
<!-- Generated by org.testng.reporters.JUnitReportReporter -->
<testsuite hostname="DESKTOP-N46G1GJ" failures="0" tests="3" name="com.crm.base.contact.ContactTest" time="37.466" errors="0" timestamp="2024-12-27T17:50:41 IST" skipped="0">
  <testcase classname="com.crm.base.contact.ContactTest" name="createConWithOrg" time="12.236"/>
  <testcase classname="com.crm.base.contact.ContactTest" name="createConWithOrgAndDate" time="12.951"/>
  <testcase classname="com.crm.base.contact.ContactTest" name="createCon" time="12.279"/>
  <system-out>
    <![CDATA[Home Page got displayed
Organization Page got displayed]]>
  </system-out>
</testsuite> <!-- com.crm.base.contact.ContactTest -->
