<?xml version="1.0" encoding="UTF-8"?>
<!-- Generated by org.testng.reporters.JUnitReportReporter -->
<testsuite hostname="DESKTOP-N46G1GJ" failures="0" tests="1" name="com.crm.pom.organization.CreateOrganization" time="15.010" errors="0" timestamp="2024-12-18T15:39:19 IST" skipped="0">
  <testcase classname="com.crm.pom.organization.CreateOrganization" name="createOrg" time="15.010">
    <system-out>
      <![CDATA[Home Page got displayed
Organization Page got displayed]]>
    </system-out>
  </testcase> <!-- createOrg -->
  <system-out>
    <![CDATA[Home Page got displayed
Organization Page got displayed]]>
  </system-out>
</testsuite> <!-- com.crm.pom.organization.CreateOrganization -->
