<?xml version="1.0" encoding="UTF-8"?>
<!-- Generated by org.testng.reporters.JUnitXMLReporter -->
<testsuite ignored="2" hostname="DESKTOP-N46G1GJ" failures="0" tests="6" name="Test-1" time="189.581" errors="0" timestamp="2024-12-24T12:55:06 IST">
  <testcase classname="com.crm.base.contact.ContactTest" name="createCon" time="18.47"/>
  <testcase classname="com.crm.base.contact.ContactTest" name="createConWithOrg" time="25.15"/>
  <testcase classname="com.crm.base.contact.ContactTest" name="createConWithOrgAndDate" time="25.057"/>
  <testcase classname="com.crm.base.organization.OrganizationTest" name="createOrg" time="21.021"/>
  <testcase classname="com.crm.base.organization.OrganizationTest" name="createOrgWithIndustry" time="15.576"/>
  <testcase classname="com.crm.base.organization.OrganizationTest" name="createOrgWithPhoneNumber" time="14.258"/>
  <testcase classname="com.crm.generic.baseclassutility.BaseClass" name="@AfterSuite afterSuite" time="0.0">
    <ignored/>
  </testcase> <!-- @AfterSuite afterSuite -->
  <testcase classname="com.crm.generic.baseclassutility.BaseClass" name="@BeforeSuite beforeSuite" time="0.0">
    <ignored/>
  </testcase> <!-- @BeforeSuite beforeSuite -->
</testsuite> <!-- Test-1 -->
