<?xml version="1.0" encoding="UTF-8"?>
<!-- Generated by org.testng.reporters.JUnitXMLReporter -->
<testsuite ignored="2" hostname="DESKTOP-N46G1GJ" failures="0" tests="6" name="Test-3" time="195.223" errors="0" timestamp="2024-12-24T12:55:11 IST">
  <testcase classname="com.crm.base.contact.ContactTest" name="createCon" time="22.817"/>
  <testcase classname="com.crm.base.contact.ContactTest" name="createConWithOrg" time="24.325"/>
  <testcase classname="com.crm.base.contact.ContactTest" name="createConWithOrgAndDate" time="25.089"/>
  <testcase classname="com.crm.base.organization.OrganizationTest" name="createOrg" time="18.279"/>
  <testcase classname="com.crm.base.organization.OrganizationTest" name="createOrgWithIndustry" time="15.205"/>
  <testcase classname="com.crm.base.organization.OrganizationTest" name="createOrgWithPhoneNumber" time="14.411"/>
  <testcase classname="com.crm.generic.baseclassutility.BaseClass" name="@AfterSuite afterSuite" time="0.0">
    <ignored/>
  </testcase> <!-- @AfterSuite afterSuite -->
  <testcase classname="com.crm.generic.baseclassutility.BaseClass" name="@BeforeSuite beforeSuite" time="0.0">
    <ignored/>
  </testcase> <!-- @BeforeSuite beforeSuite -->
</testsuite> <!-- Test-3 -->
